<?xml version="1.0" encoding="UTF-8"?>
<!-- Generated by org.testng.reporters.JUnitReportReporter -->
<testsuite skipped="0" hostname="Qaplanet-PC" name="TestngPackage.EX1_OrangeHRM" tests="1" failures="0" timestamp="03 May 2019 06:34:49 GMT" time="3.643" errors="0">
  <testcase name="VerifyOrangeHrm" time="3.643" classname="TestngPackage.EX1_OrangeHRM"/>
</testsuite> <!-- TestngPackage.EX1_OrangeHRM -->
