<?xml version="1.0" encoding="UTF-8"?>
<!-- Generated by org.testng.reporters.JUnitReportReporter -->
<testsuite skipped="0" hostname="Qaplanet-PC" name="TestngPackage.class1" tests="2" failures="0" timestamp="02 May 2019 10:14:35 GMT" time="0.000" errors="0">
  <testcase name="method3" time="0.000" classname="TestngPackage.class1"/>
  <testcase name="method4" time="0.000" classname="TestngPackage.class1"/>
</testsuite> <!-- TestngPackage.class1 -->
