<?xml version="1.0" encoding="UTF-8"?>
<!-- Generated by org.testng.reporters.JUnitReportReporter -->
<testsuite skipped="0" hostname="Qaplanet-PC" name="TestngPackage.Ex2_OrangeHrm" tests="1" failures="0" timestamp="03 May 2019 07:17:27 GMT" time="3.757" errors="0">
  <testcase name="OrangeHrmEx2" time="3.757" classname="TestngPackage.Ex2_OrangeHrm"/>
</testsuite> <!-- TestngPackage.Ex2_OrangeHrm -->
