<?xml version="1.0" encoding="UTF-8"?>
<!-- Generated by org.testng.reporters.JUnitReportReporter -->
<testsuite skipped="0" hostname="Qaplanet-PC" name="TestngPackage.Beforemethod_Testng" tests="2" failures="0" timestamp="02 May 2019 10:40:40 GMT" time="0.016" errors="0">
  <testcase name="method1" time="0.016" classname="TestngPackage.Beforemethod_Testng"/>
  <testcase name="method2" time="0.000" classname="TestngPackage.Beforemethod_Testng"/>
</testsuite> <!-- TestngPackage.Beforemethod_Testng -->
