<?xml version="1.0" encoding="UTF-8"?>
<!-- Generated by org.testng.reporters.JUnitReportReporter -->
<testsuite skipped="0" hostname="Qaplanet-PC" name="TestngPackage.Class2_Priority" tests="3" failures="0" timestamp="02 May 2019 10:21:35 GMT" time="0.016" errors="0">
  <testcase name="method3" time="0.016" classname="TestngPackage.Class2_Priority"/>
  <testcase name="method1" time="0.000" classname="TestngPackage.Class2_Priority"/>
  <testcase name="method2" time="0.000" classname="TestngPackage.Class2_Priority"/>
</testsuite> <!-- TestngPackage.Class2_Priority -->
