<?xml version="1.0" encoding="UTF-8"?>
<!-- Generated by org.testng.reporters.JUnitReportReporter -->
<testsuite skipped="0" hostname="Qaplanet-PC" name="Testcases.Tc_3" tests="3" failures="0" timestamp="31 May 2019 05:19:04 GMT" time="29.495" errors="0">
  <testcase name="Tc1" time="8.042" classname="Testcases.Tc_3"/>
  <testcase name="Tc2" time="12.338" classname="Testcases.Tc_3"/>
  <testcase name="Tc3" time="9.115" classname="Testcases.Tc_3"/>
</testsuite> <!-- Testcases.Tc_3 -->
