<?xml version="1.0" encoding="UTF-8"?>
<!-- Generated by org.testng.reporters.JUnitReportReporter -->
<testsuite skipped="0" hostname="Qaplanet-PC" name="Testcases.Tc_2" tests="2" failures="0" timestamp="31 May 2019 06:37:13 GMT" time="18.770" errors="0">
  <testcase name="Tc1" time="6.732" classname="Testcases.Tc_2"/>
  <testcase name="Tc2" time="12.038" classname="Testcases.Tc_2"/>
</testsuite> <!-- Testcases.Tc_2 -->
