<?xml version="1.0" encoding="UTF-8"?>
<!-- Generated by org.testng.reporters.JUnitReportReporter -->
<testsuite skipped="0" hostname="Qaplanet-PC" name="Testcases.Tc_4" tests="2" failures="0" timestamp="31 May 2019 07:25:41 GMT" time="23.497" errors="0">
  <testcase name="Tc1" time="6.572" classname="Testcases.Tc_4"/>
  <testcase name="tc4" time="16.925" classname="Testcases.Tc_4"/>
</testsuite> <!-- Testcases.Tc_4 -->
